Sun, 02 Mar 2025 13:07:01 GMT express:application set "x-powered-by" to true
Sun, 02 Mar 2025 13:07:01 GMT express:application set "etag" to 'weak'
Sun, 02 Mar 2025 13:07:01 GMT express:application set "etag fn" to [Function: generateETag]
Sun, 02 Mar 2025 13:07:01 GMT express:application set "env" to 'development'
Sun, 02 Mar 2025 13:07:01 GMT express:application set "query parser" to 'extended'
Sun, 02 Mar 2025 13:07:01 GMT express:application set "query parser fn" to [Function: parseExtendedQueryString]
Sun, 02 Mar 2025 13:07:01 GMT express:application set "subdomain offset" to 2
Sun, 02 Mar 2025 13:07:01 GMT express:application set "trust proxy" to false
Sun, 02 Mar 2025 13:07:01 GMT express:application set "trust proxy fn" to [Function: trustNone]
Sun, 02 Mar 2025 13:07:01 GMT express:application booting in development mode
Sun, 02 Mar 2025 13:07:01 GMT express:application set "view" to [Function: View]
Sun, 02 Mar 2025 13:07:01 GMT express:application set "views" to '/Users/dilayecemaral/Desktop/spring25/milan2/artecommerce/server/views'
Sun, 02 Mar 2025 13:07:01 GMT express:application set "jsonp callback name" to 'callback'
Sun, 02 Mar 2025 13:07:01 GMT express:router use '/' query
Sun, 02 Mar 2025 13:07:01 GMT express:router:layer new '/'
Sun, 02 Mar 2025 13:07:01 GMT express:router use '/' expressInit
Sun, 02 Mar 2025 13:07:01 GMT express:router:layer new '/'
Sun, 02 Mar 2025 13:07:01 GMT express:router use '/' jsonParser
Sun, 02 Mar 2025 13:07:01 GMT express:router:layer new '/'
Sun, 02 Mar 2025 13:07:01 GMT express:router use '/' cookieParser
Sun, 02 Mar 2025 13:07:01 GMT express:router:layer new '/'
Sun, 02 Mar 2025 13:07:01 GMT express:router use '/' urlencodedParser
Sun, 02 Mar 2025 13:07:01 GMT express:router:layer new '/'
Sun, 02 Mar 2025 13:07:01 GMT express:router use '/' <anonymous>
Sun, 02 Mar 2025 13:07:01 GMT express:router:layer new '/'
Server Running
Sun, 02 Mar 2025 13:07:02 GMT express:router:route new '/register'
Sun, 02 Mar 2025 13:07:02 GMT express:router:layer new '/register'
Sun, 02 Mar 2025 13:07:02 GMT express:router:route post '/register'
Sun, 02 Mar 2025 13:07:02 GMT express:router:layer new '/'
Sun, 02 Mar 2025 13:07:02 GMT express:router:route new '/login'
Sun, 02 Mar 2025 13:07:02 GMT express:router:layer new '/login'
Sun, 02 Mar 2025 13:07:02 GMT express:router:route post '/login'
Sun, 02 Mar 2025 13:07:02 GMT express:router:layer new '/'
Sun, 02 Mar 2025 13:07:02 GMT express:router:route new '/logout'
Sun, 02 Mar 2025 13:07:02 GMT express:router:layer new '/logout'
Sun, 02 Mar 2025 13:07:02 GMT express:router:route get '/logout'
Sun, 02 Mar 2025 13:07:02 GMT express:router:layer new '/'
Sun, 02 Mar 2025 13:07:02 GMT express:router:route new '/me'
Sun, 02 Mar 2025 13:07:02 GMT express:router:layer new '/me'
Sun, 02 Mar 2025 13:07:02 GMT express:router:route get '/me'
Sun, 02 Mar 2025 13:07:02 GMT express:router:layer new '/'
Sun, 02 Mar 2025 13:07:02 GMT express:router:route get '/me'
Sun, 02 Mar 2025 13:07:02 GMT express:router:layer new '/'
Sun, 02 Mar 2025 13:07:02 GMT express:router:route new '/password/forgot'
Sun, 02 Mar 2025 13:07:02 GMT express:router:layer new '/password/forgot'
Sun, 02 Mar 2025 13:07:02 GMT express:router:route post '/password/forgot'
Sun, 02 Mar 2025 13:07:02 GMT express:router:layer new '/'
Sun, 02 Mar 2025 13:07:02 GMT express:router:route new '/password/reset/:token'
Sun, 02 Mar 2025 13:07:02 GMT express:router:layer new '/password/reset/:token'
Sun, 02 Mar 2025 13:07:02 GMT express:router:route put '/password/reset/:token'
Sun, 02 Mar 2025 13:07:02 GMT express:router:layer new '/'
Sun, 02 Mar 2025 13:07:02 GMT express:router:route new '/password/update'
Sun, 02 Mar 2025 13:07:02 GMT express:router:layer new '/password/update'
Sun, 02 Mar 2025 13:07:02 GMT express:router:route put '/password/update'
Sun, 02 Mar 2025 13:07:02 GMT express:router:layer new '/'
Sun, 02 Mar 2025 13:07:02 GMT express:router:route put '/password/update'
Sun, 02 Mar 2025 13:07:02 GMT express:router:layer new '/'
Sun, 02 Mar 2025 13:07:02 GMT express:router:route new '/me/update'
Sun, 02 Mar 2025 13:07:02 GMT express:router:layer new '/me/update'
Sun, 02 Mar 2025 13:07:02 GMT express:router:route put '/me/update'
Sun, 02 Mar 2025 13:07:02 GMT express:router:layer new '/'
Sun, 02 Mar 2025 13:07:02 GMT express:router:route put '/me/update'
Sun, 02 Mar 2025 13:07:02 GMT express:router:layer new '/'
Sun, 02 Mar 2025 13:07:02 GMT express:router:route new '/admin/users'
Sun, 02 Mar 2025 13:07:02 GMT express:router:layer new '/admin/users'
Sun, 02 Mar 2025 13:07:02 GMT express:router:route get '/admin/users'
Sun, 02 Mar 2025 13:07:02 GMT express:router:layer new '/'
Sun, 02 Mar 2025 13:07:02 GMT express:router:route get '/admin/users'
Sun, 02 Mar 2025 13:07:02 GMT express:router:layer new '/'
Sun, 02 Mar 2025 13:07:02 GMT express:router:route get '/admin/users'
Sun, 02 Mar 2025 13:07:02 GMT express:router:layer new '/'
Sun, 02 Mar 2025 13:07:02 GMT express:router:route new '/admin/user/:id'
Sun, 02 Mar 2025 13:07:02 GMT express:router:layer new '/admin/user/:id'
Sun, 02 Mar 2025 13:07:02 GMT express:router:route get '/admin/user/:id'
Sun, 02 Mar 2025 13:07:02 GMT express:router:layer new '/'
Sun, 02 Mar 2025 13:07:02 GMT express:router:route get '/admin/user/:id'
Sun, 02 Mar 2025 13:07:02 GMT express:router:layer new '/'
Sun, 02 Mar 2025 13:07:02 GMT express:router:route get '/admin/user/:id'
Sun, 02 Mar 2025 13:07:02 GMT express:router:layer new '/'
Sun, 02 Mar 2025 13:07:02 GMT express:router:route put '/admin/user/:id'
Sun, 02 Mar 2025 13:07:02 GMT express:router:layer new '/'
Sun, 02 Mar 2025 13:07:02 GMT express:router:route put '/admin/user/:id'
Sun, 02 Mar 2025 13:07:02 GMT express:router:layer new '/'
Sun, 02 Mar 2025 13:07:02 GMT express:router:route put '/admin/user/:id'
Sun, 02 Mar 2025 13:07:02 GMT express:router:layer new '/'
Sun, 02 Mar 2025 13:07:02 GMT express:router:route delete '/admin/user/:id'
Sun, 02 Mar 2025 13:07:02 GMT express:router:layer new '/'
Sun, 02 Mar 2025 13:07:02 GMT express:router:route delete '/admin/user/:id'
Sun, 02 Mar 2025 13:07:02 GMT express:router:layer new '/'
Sun, 02 Mar 2025 13:07:02 GMT express:router:route delete '/admin/user/:id'
Sun, 02 Mar 2025 13:07:02 GMT express:router:layer new '/'
Sun, 02 Mar 2025 13:07:02 GMT express:router:route new '/products'
Sun, 02 Mar 2025 13:07:02 GMT express:router:layer new '/products'
Sun, 02 Mar 2025 13:07:02 GMT express:router:route get '/products'
Sun, 02 Mar 2025 13:07:02 GMT express:router:layer new '/'
Sun, 02 Mar 2025 13:07:02 GMT express:router:route new '/products/all'
Sun, 02 Mar 2025 13:07:02 GMT express:router:layer new '/products/all'
Sun, 02 Mar 2025 13:07:02 GMT express:router:route get '/products/all'
Sun, 02 Mar 2025 13:07:02 GMT express:router:layer new '/'
Sun, 02 Mar 2025 13:07:02 GMT express:router:route new '/smartcontract'
Sun, 02 Mar 2025 13:07:02 GMT express:router:layer new '/smartcontract'
Sun, 02 Mar 2025 13:07:02 GMT express:router:route get '/smartcontract'
Sun, 02 Mar 2025 13:07:02 GMT express:router:layer new '/'
Sun, 02 Mar 2025 13:07:02 GMT express:router:route new '/admin/products'
Sun, 02 Mar 2025 13:07:02 GMT express:router:layer new '/admin/products'
Sun, 02 Mar 2025 13:07:02 GMT express:router:route get '/admin/products'
Sun, 02 Mar 2025 13:07:02 GMT express:router:layer new '/'
Sun, 02 Mar 2025 13:07:02 GMT express:router:route get '/admin/products'
Sun, 02 Mar 2025 13:07:02 GMT express:router:layer new '/'
Sun, 02 Mar 2025 13:07:02 GMT express:router:route get '/admin/products'
Sun, 02 Mar 2025 13:07:02 GMT express:router:layer new '/'
Sun, 02 Mar 2025 13:07:02 GMT express:router:route new '/admin/product/new'
Sun, 02 Mar 2025 13:07:02 GMT express:router:layer new '/admin/product/new'
Sun, 02 Mar 2025 13:07:02 GMT express:router:route post '/admin/product/new'
Sun, 02 Mar 2025 13:07:02 GMT express:router:layer new '/'
Sun, 02 Mar 2025 13:07:02 GMT express:router:route post '/admin/product/new'
Sun, 02 Mar 2025 13:07:02 GMT express:router:layer new '/'
Sun, 02 Mar 2025 13:07:02 GMT express:router:route post '/admin/product/new'
Sun, 02 Mar 2025 13:07:02 GMT express:router:layer new '/'
Sun, 02 Mar 2025 13:07:02 GMT express:router:route new '/admin/product/:id'
Sun, 02 Mar 2025 13:07:02 GMT express:router:layer new '/admin/product/:id'
Sun, 02 Mar 2025 13:07:02 GMT express:router:route put '/admin/product/:id'
Sun, 02 Mar 2025 13:07:02 GMT express:router:layer new '/'
Sun, 02 Mar 2025 13:07:02 GMT express:router:route put '/admin/product/:id'
Sun, 02 Mar 2025 13:07:02 GMT express:router:layer new '/'
Sun, 02 Mar 2025 13:07:02 GMT express:router:route put '/admin/product/:id'
Sun, 02 Mar 2025 13:07:02 GMT express:router:layer new '/'
Sun, 02 Mar 2025 13:07:02 GMT express:router:route delete '/admin/product/:id'
Sun, 02 Mar 2025 13:07:02 GMT express:router:layer new '/'
Sun, 02 Mar 2025 13:07:02 GMT express:router:route delete '/admin/product/:id'
Sun, 02 Mar 2025 13:07:02 GMT express:router:layer new '/'
Sun, 02 Mar 2025 13:07:02 GMT express:router:route delete '/admin/product/:id'
Sun, 02 Mar 2025 13:07:02 GMT express:router:layer new '/'
Sun, 02 Mar 2025 13:07:02 GMT express:router:route new '/product/:id'
Sun, 02 Mar 2025 13:07:02 GMT express:router:layer new '/product/:id'
Sun, 02 Mar 2025 13:07:02 GMT express:router:route get '/product/:id'
Sun, 02 Mar 2025 13:07:02 GMT express:router:layer new '/'
Sun, 02 Mar 2025 13:07:02 GMT express:router:route new '/review'
Sun, 02 Mar 2025 13:07:02 GMT express:router:layer new '/review'
Sun, 02 Mar 2025 13:07:02 GMT express:router:route put '/review'
Sun, 02 Mar 2025 13:07:02 GMT express:router:layer new '/'
Sun, 02 Mar 2025 13:07:02 GMT express:router:route put '/review'
Sun, 02 Mar 2025 13:07:02 GMT express:router:layer new '/'
Sun, 02 Mar 2025 13:07:02 GMT express:router:route new '/admin/reviews'
Sun, 02 Mar 2025 13:07:02 GMT express:router:layer new '/admin/reviews'
Sun, 02 Mar 2025 13:07:02 GMT express:router:route get '/admin/reviews'
Sun, 02 Mar 2025 13:07:02 GMT express:router:layer new '/'
Sun, 02 Mar 2025 13:07:02 GMT express:router:route delete '/admin/reviews'
Sun, 02 Mar 2025 13:07:02 GMT express:router:layer new '/'
Sun, 02 Mar 2025 13:07:02 GMT express:router:route delete '/admin/reviews'
Sun, 02 Mar 2025 13:07:02 GMT express:router:layer new '/'
Sun, 02 Mar 2025 13:07:02 GMT express:router:route new '/order/new'
Sun, 02 Mar 2025 13:07:02 GMT express:router:layer new '/order/new'
Sun, 02 Mar 2025 13:07:02 GMT express:router:route post '/order/new'
Sun, 02 Mar 2025 13:07:02 GMT express:router:layer new '/'
Sun, 02 Mar 2025 13:07:02 GMT express:router:route post '/order/new'
Sun, 02 Mar 2025 13:07:02 GMT express:router:layer new '/'
Sun, 02 Mar 2025 13:07:02 GMT express:router:route new '/order/:id'
Sun, 02 Mar 2025 13:07:02 GMT express:router:layer new '/order/:id'
Sun, 02 Mar 2025 13:07:02 GMT express:router:route get '/order/:id'
Sun, 02 Mar 2025 13:07:02 GMT express:router:layer new '/'
Sun, 02 Mar 2025 13:07:02 GMT express:router:route get '/order/:id'
Sun, 02 Mar 2025 13:07:02 GMT express:router:layer new '/'
Sun, 02 Mar 2025 13:07:02 GMT express:router:route new '/orders/me'
Sun, 02 Mar 2025 13:07:02 GMT express:router:layer new '/orders/me'
Sun, 02 Mar 2025 13:07:02 GMT express:router:route get '/orders/me'
Sun, 02 Mar 2025 13:07:02 GMT express:router:layer new '/'
Sun, 02 Mar 2025 13:07:02 GMT express:router:route get '/orders/me'
Sun, 02 Mar 2025 13:07:02 GMT express:router:layer new '/'
Sun, 02 Mar 2025 13:07:02 GMT express:router:route new '/admin/orders'
Sun, 02 Mar 2025 13:07:02 GMT express:router:layer new '/admin/orders'
Sun, 02 Mar 2025 13:07:02 GMT express:router:route get '/admin/orders'
Sun, 02 Mar 2025 13:07:02 GMT express:router:layer new '/'
Sun, 02 Mar 2025 13:07:02 GMT express:router:route get '/admin/orders'
Sun, 02 Mar 2025 13:07:02 GMT express:router:layer new '/'
Sun, 02 Mar 2025 13:07:02 GMT express:router:route get '/admin/orders'
Sun, 02 Mar 2025 13:07:02 GMT express:router:layer new '/'
Sun, 02 Mar 2025 13:07:02 GMT express:router:route new '/admin/order/:id'
Sun, 02 Mar 2025 13:07:02 GMT express:router:layer new '/admin/order/:id'
Sun, 02 Mar 2025 13:07:02 GMT express:router:route put '/admin/order/:id'
Sun, 02 Mar 2025 13:07:02 GMT express:router:layer new '/'
Sun, 02 Mar 2025 13:07:02 GMT express:router:route put '/admin/order/:id'
Sun, 02 Mar 2025 13:07:02 GMT express:router:layer new '/'
Sun, 02 Mar 2025 13:07:02 GMT express:router:route put '/admin/order/:id'
Sun, 02 Mar 2025 13:07:02 GMT express:router:layer new '/'
Sun, 02 Mar 2025 13:07:02 GMT express:router:route delete '/admin/order/:id'
Sun, 02 Mar 2025 13:07:02 GMT express:router:layer new '/'
Sun, 02 Mar 2025 13:07:02 GMT express:router:route delete '/admin/order/:id'
Sun, 02 Mar 2025 13:07:02 GMT express:router:layer new '/'
Sun, 02 Mar 2025 13:07:02 GMT express:router:route delete '/admin/order/:id'
Sun, 02 Mar 2025 13:07:02 GMT express:router:layer new '/'
Sun, 02 Mar 2025 13:07:02 GMT express:router:route new '/payment/process'
Sun, 02 Mar 2025 13:07:02 GMT express:router:layer new '/payment/process'
Sun, 02 Mar 2025 13:07:02 GMT express:router:route post '/payment/process'
Sun, 02 Mar 2025 13:07:02 GMT express:router:layer new '/'
Sun, 02 Mar 2025 13:07:02 GMT express:router:route new '/callback'
Sun, 02 Mar 2025 13:07:02 GMT express:router:layer new '/callback'
Sun, 02 Mar 2025 13:07:02 GMT express:router:route post '/callback'
Sun, 02 Mar 2025 13:07:02 GMT express:router:layer new '/'
Sun, 02 Mar 2025 13:07:02 GMT express:router:route new '/payment/status/:id'
Sun, 02 Mar 2025 13:07:02 GMT express:router:layer new '/payment/status/:id'
Sun, 02 Mar 2025 13:07:02 GMT express:router:route get '/payment/status/:id'
Sun, 02 Mar 2025 13:07:02 GMT express:router:layer new '/'
Sun, 02 Mar 2025 13:07:02 GMT express:router:route get '/payment/status/:id'
Sun, 02 Mar 2025 13:07:02 GMT express:router:layer new '/'
Sun, 02 Mar 2025 13:07:02 GMT express:router:route new '/info'
Sun, 02 Mar 2025 13:07:02 GMT express:router:layer new '/info'
Sun, 02 Mar 2025 13:07:02 GMT express:router:route get '/info'
Sun, 02 Mar 2025 13:07:02 GMT express:router:layer new '/'
Sun, 02 Mar 2025 13:07:02 GMT express:router use '/api/user' router
Sun, 02 Mar 2025 13:07:02 GMT express:router:layer new '/api/user'
Sun, 02 Mar 2025 13:07:02 GMT express:router use '/api/product' router
Sun, 02 Mar 2025 13:07:02 GMT express:router:layer new '/api/product'
Sun, 02 Mar 2025 13:07:02 GMT express:router use '/api/order' router
Sun, 02 Mar 2025 13:07:02 GMT express:router:layer new '/api/order'
Sun, 02 Mar 2025 13:07:02 GMT express:router use '/api/payment' router
Sun, 02 Mar 2025 13:07:02 GMT express:router:layer new '/api/payment'
Sun, 02 Mar 2025 13:07:02 GMT express:router use '/api/contract' router
Sun, 02 Mar 2025 13:07:02 GMT express:router:layer new '/api/contract'
Sun, 02 Mar 2025 13:07:02 GMT express:router:route new '/'
Sun, 02 Mar 2025 13:07:02 GMT express:router:layer new '/'
Sun, 02 Mar 2025 13:07:02 GMT express:router:route get '/'
Sun, 02 Mar 2025 13:07:02 GMT express:router:layer new '/'
